[2020-08-04 06:20:03][7] Processing: App\Jobs\ProcessMails
[2020-08-04 06:20:29][7] Processed:  App\Jobs\ProcessMails
[2020-08-04 06:39:16][8] Processing: App\Jobs\ProcessMails
[2020-08-04 06:39:41][8] Processed:  App\Jobs\ProcessMails
[2020-08-04 07:18:48][9] Processing: App\Jobs\ProcessMails
[2020-08-04 07:19:18][9] Processed:  App\Jobs\ProcessMails
[2020-08-04 07:59:54][10] Processing: App\Jobs\ProcessMails
[2020-08-04 08:00:25][10] Processed:  App\Jobs\ProcessMails
[2020-08-04 08:09:28][11] Processing: App\Jobs\ProcessMails
[2020-08-04 08:09:47][11] Processed:  App\Jobs\ProcessMails
[2020-08-04 08:55:15][12] Processing: App\Jobs\ProcessMails
[2020-08-04 08:55:41][12] Processed:  App\Jobs\ProcessMails
[2020-08-04 08:56:26][13] Processing: App\Jobs\ProcessMails
[2020-08-04 08:56:53][13] Processed:  App\Jobs\ProcessMails
[2020-08-04 09:01:09][14] Processing: App\Jobs\ProcessMails
[2020-08-04 09:01:48][14] Processed:  App\Jobs\ProcessMails
[2020-08-04 09:08:48][15] Processing: App\Jobs\ProcessMails
[2020-08-04 09:09:20][15] Processed:  App\Jobs\ProcessMails
[2020-08-04 10:00:26][16] Processing: App\Jobs\ProcessMails
[2020-08-04 10:00:45][16] Processed:  App\Jobs\ProcessMails
[2020-08-04 10:04:03][17] Processing: App\Jobs\ProcessMails
[2020-08-04 10:04:27][17] Processed:  App\Jobs\ProcessMails
[2020-08-04 10:15:54][18] Processing: App\Jobs\ProcessMails
[2020-08-04 10:16:17][18] Processed:  App\Jobs\ProcessMails


   Illuminate\Database\QueryException  : SQLSTATE[HY000] [2002] No such file or directory (SQL: select * from `rta_permissions`)

  at /var/www/html/rentalpha/vendor/laravel/framework/src/Illuminate/Database/Connection.php:669
    665|         // If an exception occurs when attempting to run a query, we'll format the error
    666|         // message to include the bindings with SQL, which will make this exception a
    667|         // lot more helpful to the developer instead of just the database's errors.
    668|         catch (Exception $e) {
  > 669|             throw new QueryException(
    670|                 $query, $this->prepareBindings($bindings), $e
    671|             );
    672|         }
    673|

  Exception trace:

  1   Illuminate\Foundation\Application::Illuminate\Foundation\{closure}()
      [internal]:0

  2   PDOException::("SQLSTATE[HY000] [2002] No such file or directory")
      /var/www/html/rentalpha/vendor/laravel/framework/src/Illuminate/Database/Connectors/Connector.php:70

  Please use the argument -v to see more details.
   Illuminate\Database\QueryException  : SQLSTATE[HY000] [2002] No such file or directory (SQL: select * from `rta_permissions`)

  at /var/www/html/rentalpha/vendor/laravel/framework/src/Illuminate/Database/Connection.php:669
    665|         // If an exception occurs when attempting to run a query, we'll format the error
    666|         // message to include the bindings with SQL, which will make this exception a
    667|         // lot more helpful to the developer instead of just the database's errors.
    668|         catch (Exception $e) {
  > 669|             throw new QueryException(
    670|                 $query, $this->prepareBindings($bindings), $e
    671|             );
    672|         }
    673|

  Exception trace:

  1   Illuminate\Foundation\Application::Illuminate\Foundation\{closure}()
      [internal]:0

  2   PDOException::("SQLSTATE[HY000] [2002] No such file or directory")
      /var/www/html/rentalpha/vendor/laravel/framework/src/Illuminate/Database/Connectors/Connector.php:70

  Please use the argument -v to see more details.


   Illuminate\Database\QueryException  : SQLSTATE[HY000] [2002] No such file or directory (SQL: select * from `rta_permissions`)

  at /var/www/html/rentalpha/vendor/laravel/framework/src/Illuminate/Database/Connection.php:669
    665|         // If an exception occurs when attempting to run a query, we'll format the error
    666|         // message to include the bindings with SQL, which will make this exception a
    667|         // lot more helpful to the developer instead of just the database's errors.
    668|         catch (Exception $e) {
  > 669|             throw new QueryException(
    670|                 $query, $this->prepareBindings($bindings), $e
    671|             );
    672|         }
    673|

  Exception trace:

  1   Illuminate\Foundation\Application::Illuminate\Foundation\{closure}()
      [internal]:0

  2   PDOException::("SQLSTATE[HY000] [2002] No such file or directory")
      /var/www/html/rentalpha/vendor/laravel/framework/src/Illuminate/Database/Connectors/Connector.php:70

  Please use the argument -v to see more details.
   Illuminate\Database\QueryException  : SQLSTATE[HY000] [2002] No such file or directory (SQL: select * from `rta_permissions`)

  at /var/www/html/rentalpha/vendor/laravel/framework/src/Illuminate/Database/Connection.php:669
    665|         // If an exception occurs when attempting to run a query, we'll format the error
    666|         // message to include the bindings with SQL, which will make this exception a
    667|         // lot more helpful to the developer instead of just the database's errors.
    668|         catch (Exception $e) {
  > 669|             throw new QueryException(
    670|                 $query, $this->prepareBindings($bindings), $e
    671|             );
    672|         }
    673|

  Exception trace:

  1   Illuminate\Foundation\Application::Illuminate\Foundation\{closure}()
      [internal]:0

  2   PDOException::("SQLSTATE[HY000] [2002] No such file or directory")
      /var/www/html/rentalpha/vendor/laravel/framework/src/Illuminate/Database/Connectors/Connector.php:70

  Please use the argument -v to see more details.


   Illuminate\Database\QueryException  : SQLSTATE[HY000] [2002] No such file or directory (SQL: select * from `rta_permissions`)

  at /var/www/html/rentalpha/vendor/laravel/framework/src/Illuminate/Database/Connection.php:669
    665|         // If an exception occurs when attempting to run a query, we'll format the error
    666|         // message to include the bindings with SQL, which will make this exception a
    667|         // lot more helpful to the developer instead of just the database's errors.
    668|         catch (Exception $e) {
  > 669|             throw new QueryException(
    670|                 $query, $this->prepareBindings($bindings), $e
    671|             );
    672|         }
    673|

  Exception trace:

  1   Illuminate\Foundation\Application::Illuminate\Foundation\{closure}()
      [internal]:0

  2   PDOException::("SQLSTATE[HY000] [2002] No such file or directory")
      /var/www/html/rentalpha/vendor/laravel/framework/src/Illuminate/Database/Connectors/Connector.php:70

  Please use the argument -v to see more details.
   Illuminate\Database\QueryException  : SQLSTATE[HY000] [2002] No such file or directory (SQL: select * from `rta_permissions`)

  at /var/www/html/rentalpha/vendor/laravel/framework/src/Illuminate/Database/Connection.php:669
    665|         // If an exception occurs when attempting to run a query, we'll format the error
    666|         // message to include the bindings with SQL, which will make this exception a
    667|         // lot more helpful to the developer instead of just the database's errors.
    668|         catch (Exception $e) {
  > 669|             throw new QueryException(
    670|                 $query, $this->prepareBindings($bindings), $e
    671|             );
    672|         }
    673|

  Exception trace:

  1   Illuminate\Foundation\Application::Illuminate\Foundation\{closure}()
      [internal]:0

  2   PDOException::("SQLSTATE[HY000] [2002] No such file or directory")
      /var/www/html/rentalpha/vendor/laravel/framework/src/Illuminate/Database/Connectors/Connector.php:70

  Please use the argument -v to see more details.
