[2019-09-06 11:12:51] laravel.EMERGENCY: Unable to create configured logger. Using emergency logger. {"exception":"[object] (InvalidArgumentException(code: 0): Log [] is not defined. at /var/www/html/dextercapital/vendor/laravel/framework/src/Illuminate/Log/LogManager.php:168)
[stacktrace]
#0 /var/www/html/dextercapital/vendor/laravel/framework/src/Illuminate/Log/LogManager.php(102): Illuminate\\Log\\LogManager->resolve(NULL)
#1 /var/www/html/dextercapital/vendor/laravel/framework/src/Illuminate/Log/LogManager.php(90): Illuminate\\Log\\LogManager->get(NULL)
#2 /var/www/html/dextercapital/vendor/laravel/framework/src/Illuminate/Log/LogManager.php(500): Illuminate\\Log\\LogManager->driver()
#3 /var/www/html/dextercapital/vendor/laravel/framework/src/Illuminate/Foundation/Exceptions/Handler.php(118): Illuminate\\Log\\LogManager->error('Class App\\\\Conso...', Array)
#4 /var/www/html/dextercapital/app/Exceptions/Handler.php(46): Illuminate\\Foundation\\Exceptions\\Handler->report(Object(ReflectionException))
#5 /var/www/html/dextercapital/vendor/nunomaduro/collision/src/Adapters/Laravel/ExceptionHandler.php(60): App\\Exceptions\\Handler->report(Object(ReflectionException))
#6 /var/www/html/dextercapital/vendor/laravel/framework/src/Illuminate/Foundation/Console/Kernel.php(378): NunoMaduro\\Collision\\Adapters\\Laravel\\ExceptionHandler->report(Object(ReflectionException))
#7 /var/www/html/dextercapital/vendor/laravel/framework/src/Illuminate/Foundation/Console/Kernel.php(135): Illuminate\\Foundation\\Console\\Kernel->reportException(Object(ReflectionException))
#8 /var/www/html/dextercapital/artisan(37): Illuminate\\Foundation\\Console\\Kernel->handle(Object(Symfony\\Component\\Console\\Input\\ArgvInput), Object(Symfony\\Component\\Console\\Output\\ConsoleOutput))
#9 {main}
"} 
[2019-09-06 11:12:51] laravel.ERROR: Class App\Console\Commands\PaypalRefund does not exist {"exception":"[object] (ReflectionException(code: -1): Class App\\Console\\Commands\\PaypalRefund does not exist at /var/www/html/dextercapital/vendor/laravel/framework/src/Illuminate/Container/Container.php:788)
[stacktrace]
#0 /var/www/html/dextercapital/vendor/laravel/framework/src/Illuminate/Container/Container.php(788): ReflectionClass->__construct('App\\\\Console\\\\Com...')
#1 /var/www/html/dextercapital/vendor/laravel/framework/src/Illuminate/Container/Container.php(667): Illuminate\\Container\\Container->build('App\\\\Console\\\\Com...')
#2 /var/www/html/dextercapital/vendor/laravel/framework/src/Illuminate/Container/Container.php(615): Illuminate\\Container\\Container->resolve('App\\\\Console\\\\Com...', Array)
#3 /var/www/html/dextercapital/vendor/laravel/framework/src/Illuminate/Foundation/Application.php(767): Illuminate\\Container\\Container->make('App\\\\Console\\\\Com...', Array)
#4 /var/www/html/dextercapital/vendor/laravel/framework/src/Illuminate/Console/Application.php(258): Illuminate\\Foundation\\Application->make('App\\\\Console\\\\Com...')
#5 /var/www/html/dextercapital/vendor/laravel/framework/src/Illuminate/Console/Application.php(272): Illuminate\\Console\\Application->resolve('App\\\\Console\\\\Com...')
#6 /var/www/html/dextercapital/vendor/laravel/framework/src/Illuminate/Foundation/Console/Kernel.php(343): Illuminate\\Console\\Application->resolveCommands(Array)
#7 /var/www/html/dextercapital/vendor/laravel/framework/src/Illuminate/Foundation/Console/Kernel.php(133): Illuminate\\Foundation\\Console\\Kernel->getArtisan()
#8 /var/www/html/dextercapital/artisan(37): Illuminate\\Foundation\\Console\\Kernel->handle(Object(Symfony\\Component\\Console\\Input\\ArgvInput), Object(Symfony\\Component\\Console\\Output\\ConsoleOutput))
#9 {main}
"} 
[2019-09-06 11:14:11] laravel.EMERGENCY: Unable to create configured logger. Using emergency logger. {"exception":"[object] (InvalidArgumentException(code: 0): Log [] is not defined. at /var/www/html/dextercapital/vendor/laravel/framework/src/Illuminate/Log/LogManager.php:168)
[stacktrace]
#0 /var/www/html/dextercapital/vendor/laravel/framework/src/Illuminate/Log/LogManager.php(102): Illuminate\\Log\\LogManager->resolve(NULL)
#1 /var/www/html/dextercapital/vendor/laravel/framework/src/Illuminate/Log/LogManager.php(90): Illuminate\\Log\\LogManager->get(NULL)
#2 /var/www/html/dextercapital/vendor/laravel/framework/src/Illuminate/Log/LogManager.php(500): Illuminate\\Log\\LogManager->driver()
#3 /var/www/html/dextercapital/vendor/laravel/framework/src/Illuminate/Foundation/Exceptions/Handler.php(118): Illuminate\\Log\\LogManager->error('Class App\\\\Conso...', Array)
#4 /var/www/html/dextercapital/app/Exceptions/Handler.php(46): Illuminate\\Foundation\\Exceptions\\Handler->report(Object(ReflectionException))
#5 /var/www/html/dextercapital/vendor/nunomaduro/collision/src/Adapters/Laravel/ExceptionHandler.php(60): App\\Exceptions\\Handler->report(Object(ReflectionException))
#6 /var/www/html/dextercapital/vendor/laravel/framework/src/Illuminate/Foundation/Console/Kernel.php(378): NunoMaduro\\Collision\\Adapters\\Laravel\\ExceptionHandler->report(Object(ReflectionException))
#7 /var/www/html/dextercapital/vendor/laravel/framework/src/Illuminate/Foundation/Console/Kernel.php(135): Illuminate\\Foundation\\Console\\Kernel->reportException(Object(ReflectionException))
#8 /var/www/html/dextercapital/artisan(37): Illuminate\\Foundation\\Console\\Kernel->handle(Object(Symfony\\Component\\Console\\Input\\ArgvInput), Object(Symfony\\Component\\Console\\Output\\ConsoleOutput))
#9 {main}
"} 
[2019-09-06 11:14:11] laravel.ERROR: Class App\Console\Commands\PaypalRefund does not exist {"exception":"[object] (ReflectionException(code: -1): Class App\\Console\\Commands\\PaypalRefund does not exist at /var/www/html/dextercapital/vendor/laravel/framework/src/Illuminate/Container/Container.php:788)
[stacktrace]
#0 /var/www/html/dextercapital/vendor/laravel/framework/src/Illuminate/Container/Container.php(788): ReflectionClass->__construct('App\\\\Console\\\\Com...')
#1 /var/www/html/dextercapital/vendor/laravel/framework/src/Illuminate/Container/Container.php(667): Illuminate\\Container\\Container->build('App\\\\Console\\\\Com...')
#2 /var/www/html/dextercapital/vendor/laravel/framework/src/Illuminate/Container/Container.php(615): Illuminate\\Container\\Container->resolve('App\\\\Console\\\\Com...', Array)
#3 /var/www/html/dextercapital/vendor/laravel/framework/src/Illuminate/Foundation/Application.php(767): Illuminate\\Container\\Container->make('App\\\\Console\\\\Com...', Array)
#4 /var/www/html/dextercapital/vendor/laravel/framework/src/Illuminate/Console/Application.php(258): Illuminate\\Foundation\\Application->make('App\\\\Console\\\\Com...')
#5 /var/www/html/dextercapital/vendor/laravel/framework/src/Illuminate/Console/Application.php(272): Illuminate\\Console\\Application->resolve('App\\\\Console\\\\Com...')
#6 /var/www/html/dextercapital/vendor/laravel/framework/src/Illuminate/Foundation/Console/Kernel.php(343): Illuminate\\Console\\Application->resolveCommands(Array)
#7 /var/www/html/dextercapital/vendor/laravel/framework/src/Illuminate/Foundation/Console/Kernel.php(133): Illuminate\\Foundation\\Console\\Kernel->getArtisan()
#8 /var/www/html/dextercapital/artisan(37): Illuminate\\Foundation\\Console\\Kernel->handle(Object(Symfony\\Component\\Console\\Input\\ArgvInput), Object(Symfony\\Component\\Console\\Output\\ConsoleOutput))
#9 {main}
"} 
