[2019-09-06 09:48:55] local.ERROR: Class App\Inv\Repositories\Contracts\UserInterface does not exist {"exception":"[object] (ReflectionException(code: 0): Class App\\Inv\\Repositories\\Contracts\\UserInterface does not exist at /var/www/html/dextercapital/vendor/laravel/framework/src/Illuminate/Container/Container.php:853)
[stacktrace]
#0 /var/www/html/dextercapital/vendor/laravel/framework/src/Illuminate/Container/Container.php(853): ReflectionParameter->getClass()
#1 /var/www/html/dextercapital/vendor/laravel/framework/src/Illuminate/Container/Container.php(816): Illuminate\\Container\\Container->resolveDependencies(Array)
#2 /var/www/html/dextercapital/vendor/laravel/framework/src/Illuminate/Container/Container.php(667): Illuminate\\Container\\Container->build('App\\\\Http\\\\Contro...')
#3 /var/www/html/dextercapital/vendor/laravel/framework/src/Illuminate/Container/Container.php(615): Illuminate\\Container\\Container->resolve('App\\\\Http\\\\Contro...', Array)
#4 /var/www/html/dextercapital/vendor/laravel/framework/src/Illuminate/Foundation/Application.php(767): Illuminate\\Container\\Container->make('App\\\\Http\\\\Contro...', Array)
#5 /var/www/html/dextercapital/vendor/laravel/framework/src/Illuminate/Routing/Route.php(233): Illuminate\\Foundation\\Application->make('App\\\\Http\\\\Contro...')
#6 /var/www/html/dextercapital/vendor/laravel/framework/src/Illuminate/Routing/Route.php(833): Illuminate\\Routing\\Route->getController()
#7 /var/www/html/dextercapital/vendor/laravel/framework/src/Illuminate/Routing/Route.php(794): Illuminate\\Routing\\Route->controllerMiddleware()
#8 /var/www/html/dextercapital/vendor/laravel/framework/src/Illuminate/Routing/Router.php(693): Illuminate\\Routing\\Route->gatherMiddleware()
#9 /var/www/html/dextercapital/vendor/laravel/framework/src/Illuminate/Routing/Router.php(673): Illuminate\\Routing\\Router->gatherRouteMiddleware(Object(Illuminate\\Routing\\Route))
#10 /var/www/html/dextercapital/vendor/laravel/framework/src/Illuminate/Routing/Router.php(657): Illuminate\\Routing\\Router->runRouteWithinStack(Object(Illuminate\\Routing\\Route), Object(Illuminate\\Http\\Request))
#11 /var/www/html/dextercapital/vendor/laravel/framework/src/Illuminate/Routing/Router.php(623): Illuminate\\Routing\\Router->runRoute(Object(Illuminate\\Http\\Request), Object(Illuminate\\Routing\\Route))
#12 /var/www/html/dextercapital/vendor/laravel/framework/src/Illuminate/Routing/Router.php(612): Illuminate\\Routing\\Router->dispatchToRoute(Object(Illuminate\\Http\\Request))
#13 /var/www/html/dextercapital/vendor/laravel/framework/src/Illuminate/Foundation/Http/Kernel.php(176): Illuminate\\Routing\\Router->dispatch(Object(Illuminate\\Http\\Request))
#14 /var/www/html/dextercapital/vendor/laravel/framework/src/Illuminate/Routing/Pipeline.php(30): Illuminate\\Foundation\\Http\\Kernel->Illuminate\\Foundation\\Http\\{closure}(Object(Illuminate\\Http\\Request))
#15 /var/www/html/dextercapital/vendor/fideloper/proxy/src/TrustProxies.php(57): Illuminate\\Routing\\Pipeline->Illuminate\\Routing\\{closure}(Object(Illuminate\\Http\\Request))
#16 /var/www/html/dextercapital/vendor/laravel/framework/src/Illuminate/Pipeline/Pipeline.php(163): Fideloper\\Proxy\\TrustProxies->handle(Object(Illuminate\\Http\\Request), Object(Closure))
#17 /var/www/html/dextercapital/vendor/laravel/framework/src/Illuminate/Routing/Pipeline.php(53): Illuminate\\Pipeline\\Pipeline->Illuminate\\Pipeline\\{closure}(Object(Illuminate\\Http\\Request))
#18 /var/www/html/dextercapital/vendor/laravel/framework/src/Illuminate/Foundation/Http/Middleware/TransformsRequest.php(21): Illuminate\\Routing\\Pipeline->Illuminate\\Routing\\{closure}(Object(Illuminate\\Http\\Request))
#19 /var/www/html/dextercapital/vendor/laravel/framework/src/Illuminate/Pipeline/Pipeline.php(163): Illuminate\\Foundation\\Http\\Middleware\\TransformsRequest->handle(Object(Illuminate\\Http\\Request), Object(Closure))
#20 /var/www/html/dextercapital/vendor/laravel/framework/src/Illuminate/Routing/Pipeline.php(53): Illuminate\\Pipeline\\Pipeline->Illuminate\\Pipeline\\{closure}(Object(Illuminate\\Http\\Request))
#21 /var/www/html/dextercapital/vendor/laravel/framework/src/Illuminate/Foundation/Http/Middleware/TransformsRequest.php(21): Illuminate\\Routing\\Pipeline->Illuminate\\Routing\\{closure}(Object(Illuminate\\Http\\Request))
#22 /var/www/html/dextercapital/vendor/laravel/framework/src/Illuminate/Pipeline/Pipeline.php(163): Illuminate\\Foundation\\Http\\Middleware\\TransformsRequest->handle(Object(Illuminate\\Http\\Request), Object(Closure))
#23 /var/www/html/dextercapital/vendor/laravel/framework/src/Illuminate/Routing/Pipeline.php(53): Illuminate\\Pipeline\\Pipeline->Illuminate\\Pipeline\\{closure}(Object(Illuminate\\Http\\Request))
#24 /var/www/html/dextercapital/vendor/laravel/framework/src/Illuminate/Foundation/Http/Middleware/ValidatePostSize.php(27): Illuminate\\Routing\\Pipeline->Illuminate\\Routing\\{closure}(Object(Illuminate\\Http\\Request))
#25 /var/www/html/dextercapital/vendor/laravel/framework/src/Illuminate/Pipeline/Pipeline.php(163): Illuminate\\Foundation\\Http\\Middleware\\ValidatePostSize->handle(Object(Illuminate\\Http\\Request), Object(Closure))
#26 /var/www/html/dextercapital/vendor/laravel/framework/src/Illuminate/Routing/Pipeline.php(53): Illuminate\\Pipeline\\Pipeline->Illuminate\\Pipeline\\{closure}(Object(Illuminate\\Http\\Request))
#27 /var/www/html/dextercapital/vendor/laravel/framework/src/Illuminate/Foundation/Http/Middleware/CheckForMaintenanceMode.php(62): Illuminate\\Routing\\Pipeline->Illuminate\\Routing\\{closure}(Object(Illuminate\\Http\\Request))
#28 /var/www/html/dextercapital/vendor/laravel/framework/src/Illuminate/Pipeline/Pipeline.php(163): Illuminate\\Foundation\\Http\\Middleware\\CheckForMaintenanceMode->handle(Object(Illuminate\\Http\\Request), Object(Closure))
#29 /var/www/html/dextercapital/vendor/laravel/framework/src/Illuminate/Routing/Pipeline.php(53): Illuminate\\Pipeline\\Pipeline->Illuminate\\Pipeline\\{closure}(Object(Illuminate\\Http\\Request))
#30 /var/www/html/dextercapital/vendor/laravel/framework/src/Illuminate/Pipeline/Pipeline.php(104): Illuminate\\Routing\\Pipeline->Illuminate\\Routing\\{closure}(Object(Illuminate\\Http\\Request))
#31 /var/www/html/dextercapital/vendor/laravel/framework/src/Illuminate/Foundation/Http/Kernel.php(151): Illuminate\\Pipeline\\Pipeline->then(Object(Closure))
#32 /var/www/html/dextercapital/vendor/laravel/framework/src/Illuminate/Foundation/Http/Kernel.php(116): Illuminate\\Foundation\\Http\\Kernel->sendRequestThroughRouter(Object(Illuminate\\Http\\Request))
#33 /var/www/html/dextercapital/public/index.php(55): Illuminate\\Foundation\\Http\\Kernel->handle(Object(Illuminate\\Http\\Request))
#34 {main}
"} 
[2019-09-06 09:51:05] local.ERROR: Class 'Url\ProtectUrl\UrlGenerator' not found {"exception":"[object] (Symfony\\Component\\Debug\\Exception\\FatalThrowableError(code: 0): Class 'Url\\ProtectUrl\\UrlGenerator' not found at /var/www/html/dextercapital/app/Providers/AppServiceProvider.php:41)
[stacktrace]
#0 /var/www/html/dextercapital/app/Providers/AppServiceProvider.php(30): App\\Providers\\AppServiceProvider->setCustomUrlGenerator()
#1 /var/www/html/dextercapital/vendor/laravel/framework/src/Illuminate/Foundation/Application.php(607): App\\Providers\\AppServiceProvider->register()
#2 /var/www/html/dextercapital/vendor/laravel/framework/src/Illuminate/Foundation/ProviderRepository.php(75): Illuminate\\Foundation\\Application->register(Object(App\\Providers\\AppServiceProvider))
#3 /var/www/html/dextercapital/vendor/laravel/framework/src/Illuminate/Foundation/Application.php(584): Illuminate\\Foundation\\ProviderRepository->load(Array)
#4 /var/www/html/dextercapital/vendor/laravel/framework/src/Illuminate/Foundation/Bootstrap/RegisterProviders.php(17): Illuminate\\Foundation\\Application->registerConfiguredProviders()
#5 /var/www/html/dextercapital/vendor/laravel/framework/src/Illuminate/Foundation/Application.php(210): Illuminate\\Foundation\\Bootstrap\\RegisterProviders->bootstrap(Object(Illuminate\\Foundation\\Application))
#6 /var/www/html/dextercapital/vendor/laravel/framework/src/Illuminate/Foundation/Console/Kernel.php(322): Illuminate\\Foundation\\Application->bootstrapWith(Array)
#7 /var/www/html/dextercapital/vendor/laravel/framework/src/Illuminate/Foundation/Console/Kernel.php(131): Illuminate\\Foundation\\Console\\Kernel->bootstrap()
#8 /var/www/html/dextercapital/artisan(37): Illuminate\\Foundation\\Console\\Kernel->handle(Object(Symfony\\Component\\Console\\Input\\ArgvInput), Object(Symfony\\Component\\Console\\Output\\ConsoleOutput))
#9 {main}
"} 
[2019-09-06 09:55:04] local.ERROR: Class 'Url\ProtectUrl\UrlGenerator' not found {"exception":"[object] (Symfony\\Component\\Debug\\Exception\\FatalThrowableError(code: 0): Class 'Url\\ProtectUrl\\UrlGenerator' not found at /var/www/html/dextercapital/app/Providers/AppServiceProvider.php:41)
[stacktrace]
#0 /var/www/html/dextercapital/app/Providers/AppServiceProvider.php(30): App\\Providers\\AppServiceProvider->setCustomUrlGenerator()
#1 /var/www/html/dextercapital/vendor/laravel/framework/src/Illuminate/Foundation/Application.php(607): App\\Providers\\AppServiceProvider->register()
#2 /var/www/html/dextercapital/vendor/laravel/framework/src/Illuminate/Foundation/ProviderRepository.php(75): Illuminate\\Foundation\\Application->register(Object(App\\Providers\\AppServiceProvider))
#3 /var/www/html/dextercapital/vendor/laravel/framework/src/Illuminate/Foundation/Application.php(584): Illuminate\\Foundation\\ProviderRepository->load(Array)
#4 /var/www/html/dextercapital/vendor/laravel/framework/src/Illuminate/Foundation/Bootstrap/RegisterProviders.php(17): Illuminate\\Foundation\\Application->registerConfiguredProviders()
#5 /var/www/html/dextercapital/vendor/laravel/framework/src/Illuminate/Foundation/Application.php(210): Illuminate\\Foundation\\Bootstrap\\RegisterProviders->bootstrap(Object(Illuminate\\Foundation\\Application))
#6 /var/www/html/dextercapital/vendor/laravel/framework/src/Illuminate/Foundation/Console/Kernel.php(322): Illuminate\\Foundation\\Application->bootstrapWith(Array)
#7 /var/www/html/dextercapital/vendor/laravel/framework/src/Illuminate/Foundation/Console/Kernel.php(131): Illuminate\\Foundation\\Console\\Kernel->bootstrap()
#8 /var/www/html/dextercapital/artisan(37): Illuminate\\Foundation\\Console\\Kernel->handle(Object(Symfony\\Component\\Console\\Input\\ArgvInput), Object(Symfony\\Component\\Console\\Output\\ConsoleOutput))
#9 {main}
"} 
[2019-09-06 09:55:10] local.ERROR: Class 'Url\ProtectUrl\UrlGenerator' not found {"exception":"[object] (Symfony\\Component\\Debug\\Exception\\FatalThrowableError(code: 0): Class 'Url\\ProtectUrl\\UrlGenerator' not found at /var/www/html/dextercapital/app/Providers/AppServiceProvider.php:41)
[stacktrace]
#0 /var/www/html/dextercapital/app/Providers/AppServiceProvider.php(30): App\\Providers\\AppServiceProvider->setCustomUrlGenerator()
#1 /var/www/html/dextercapital/vendor/laravel/framework/src/Illuminate/Foundation/Application.php(607): App\\Providers\\AppServiceProvider->register()
#2 /var/www/html/dextercapital/vendor/laravel/framework/src/Illuminate/Foundation/ProviderRepository.php(75): Illuminate\\Foundation\\Application->register(Object(App\\Providers\\AppServiceProvider))
#3 /var/www/html/dextercapital/vendor/laravel/framework/src/Illuminate/Foundation/Application.php(584): Illuminate\\Foundation\\ProviderRepository->load(Array)
#4 /var/www/html/dextercapital/vendor/laravel/framework/src/Illuminate/Foundation/Bootstrap/RegisterProviders.php(17): Illuminate\\Foundation\\Application->registerConfiguredProviders()
#5 /var/www/html/dextercapital/vendor/laravel/framework/src/Illuminate/Foundation/Application.php(210): Illuminate\\Foundation\\Bootstrap\\RegisterProviders->bootstrap(Object(Illuminate\\Foundation\\Application))
#6 /var/www/html/dextercapital/vendor/laravel/framework/src/Illuminate/Foundation/Console/Kernel.php(322): Illuminate\\Foundation\\Application->bootstrapWith(Array)
#7 /var/www/html/dextercapital/vendor/laravel/framework/src/Illuminate/Foundation/Console/Kernel.php(131): Illuminate\\Foundation\\Console\\Kernel->bootstrap()
#8 /var/www/html/dextercapital/artisan(37): Illuminate\\Foundation\\Console\\Kernel->handle(Object(Symfony\\Component\\Console\\Input\\ArgvInput), Object(Symfony\\Component\\Console\\Output\\ConsoleOutput))
#9 {main}
"} 
[2019-09-06 09:56:26] local.ERROR: Class 'Url\ProtectUrl\UrlGenerator' not found {"exception":"[object] (Symfony\\Component\\Debug\\Exception\\FatalThrowableError(code: 0): Class 'Url\\ProtectUrl\\UrlGenerator' not found at /var/www/html/dextercapital/app/Providers/AppServiceProvider.php:41)
[stacktrace]
#0 /var/www/html/dextercapital/app/Providers/AppServiceProvider.php(30): App\\Providers\\AppServiceProvider->setCustomUrlGenerator()
#1 /var/www/html/dextercapital/vendor/laravel/framework/src/Illuminate/Foundation/Application.php(607): App\\Providers\\AppServiceProvider->register()
#2 /var/www/html/dextercapital/vendor/laravel/framework/src/Illuminate/Foundation/ProviderRepository.php(75): Illuminate\\Foundation\\Application->register(Object(App\\Providers\\AppServiceProvider))
#3 /var/www/html/dextercapital/vendor/laravel/framework/src/Illuminate/Foundation/Application.php(584): Illuminate\\Foundation\\ProviderRepository->load(Array)
#4 /var/www/html/dextercapital/vendor/laravel/framework/src/Illuminate/Foundation/Bootstrap/RegisterProviders.php(17): Illuminate\\Foundation\\Application->registerConfiguredProviders()
#5 /var/www/html/dextercapital/vendor/laravel/framework/src/Illuminate/Foundation/Application.php(210): Illuminate\\Foundation\\Bootstrap\\RegisterProviders->bootstrap(Object(Illuminate\\Foundation\\Application))
#6 /var/www/html/dextercapital/vendor/laravel/framework/src/Illuminate/Foundation/Console/Kernel.php(322): Illuminate\\Foundation\\Application->bootstrapWith(Array)
#7 /var/www/html/dextercapital/vendor/laravel/framework/src/Illuminate/Foundation/Console/Kernel.php(131): Illuminate\\Foundation\\Console\\Kernel->bootstrap()
#8 /var/www/html/dextercapital/artisan(37): Illuminate\\Foundation\\Console\\Kernel->handle(Object(Symfony\\Component\\Console\\Input\\ArgvInput), Object(Symfony\\Component\\Console\\Output\\ConsoleOutput))
#9 {main}
"} 
[2019-09-06 10:01:58] local.ERROR: Target [App\Inv\Repositories\Contracts\ApplicationInterface] is not instantiable while building [App\Console\Commands\PaypalRefund]. {"exception":"[object] (Illuminate\\Contracts\\Container\\BindingResolutionException(code: 0): Target [App\\Inv\\Repositories\\Contracts\\ApplicationInterface] is not instantiable while building [App\\Console\\Commands\\PaypalRefund]. at /var/www/html/dextercapital/vendor/laravel/framework/src/Illuminate/Container/Container.php:960)
[stacktrace]
#0 /var/www/html/dextercapital/vendor/laravel/framework/src/Illuminate/Container/Container.php(794): Illuminate\\Container\\Container->notInstantiable('App\\\\Inv\\\\Reposit...')
#1 /var/www/html/dextercapital/vendor/laravel/framework/src/Illuminate/Container/Container.php(667): Illuminate\\Container\\Container->build('App\\\\Inv\\\\Reposit...')
#2 /var/www/html/dextercapital/vendor/laravel/framework/src/Illuminate/Container/Container.php(615): Illuminate\\Container\\Container->resolve('App\\\\Inv\\\\Reposit...', Array)
#3 /var/www/html/dextercapital/vendor/laravel/framework/src/Illuminate/Foundation/Application.php(767): Illuminate\\Container\\Container->make('App\\\\Inv\\\\Reposit...', Array)
#4 /var/www/html/dextercapital/vendor/laravel/framework/src/Illuminate/Container/Container.php(927): Illuminate\\Foundation\\Application->make('App\\\\Inv\\\\Reposit...')
#5 /var/www/html/dextercapital/vendor/laravel/framework/src/Illuminate/Container/Container.php(855): Illuminate\\Container\\Container->resolveClass(Object(ReflectionParameter))
#6 /var/www/html/dextercapital/vendor/laravel/framework/src/Illuminate/Container/Container.php(816): Illuminate\\Container\\Container->resolveDependencies(Array)
#7 /var/www/html/dextercapital/vendor/laravel/framework/src/Illuminate/Container/Container.php(667): Illuminate\\Container\\Container->build('App\\\\Console\\\\Com...')
#8 /var/www/html/dextercapital/vendor/laravel/framework/src/Illuminate/Container/Container.php(615): Illuminate\\Container\\Container->resolve('App\\\\Console\\\\Com...', Array)
#9 /var/www/html/dextercapital/vendor/laravel/framework/src/Illuminate/Foundation/Application.php(767): Illuminate\\Container\\Container->make('App\\\\Console\\\\Com...', Array)
#10 /var/www/html/dextercapital/vendor/laravel/framework/src/Illuminate/Console/Application.php(258): Illuminate\\Foundation\\Application->make('App\\\\Console\\\\Com...')
#11 /var/www/html/dextercapital/vendor/laravel/framework/src/Illuminate/Foundation/Console/Kernel.php(244): Illuminate\\Console\\Application->resolve('App\\\\Console\\\\Com...')
#12 /var/www/html/dextercapital/vendor/laravel/framework/src/Illuminate/Console/Application.php(149): Illuminate\\Foundation\\Console\\Kernel->Illuminate\\Foundation\\Console\\{closure}(Object(Illuminate\\Console\\Application))
#13 /var/www/html/dextercapital/vendor/laravel/framework/src/Illuminate/Console/Application.php(72): Illuminate\\Console\\Application->bootstrap()
#14 /var/www/html/dextercapital/vendor/laravel/framework/src/Illuminate/Foundation/Console/Kernel.php(342): Illuminate\\Console\\Application->__construct(Object(Illuminate\\Foundation\\Application), Object(Illuminate\\Events\\Dispatcher), '5.8.35')
#15 /var/www/html/dextercapital/vendor/laravel/framework/src/Illuminate/Foundation/Console/Kernel.php(133): Illuminate\\Foundation\\Console\\Kernel->getArtisan()
#16 /var/www/html/dextercapital/artisan(37): Illuminate\\Foundation\\Console\\Kernel->handle(Object(Symfony\\Component\\Console\\Input\\ArgvInput), Object(Symfony\\Component\\Console\\Output\\ConsoleOutput))
#17 {main}
"} 
[2019-09-06 10:07:19] local.ERROR: Class 'Url\ProtectUrl\UrlGenerator' not found {"exception":"[object] (Symfony\\Component\\Debug\\Exception\\FatalThrowableError(code: 0): Class 'Url\\ProtectUrl\\UrlGenerator' not found at /var/www/html/dextercapital/app/Providers/AppServiceProvider.php:41)
[stacktrace]
#0 /var/www/html/dextercapital/app/Providers/AppServiceProvider.php(30): App\\Providers\\AppServiceProvider->setCustomUrlGenerator()
#1 /var/www/html/dextercapital/vendor/laravel/framework/src/Illuminate/Foundation/Application.php(607): App\\Providers\\AppServiceProvider->register()
#2 /var/www/html/dextercapital/vendor/laravel/framework/src/Illuminate/Foundation/ProviderRepository.php(75): Illuminate\\Foundation\\Application->register(Object(App\\Providers\\AppServiceProvider))
#3 /var/www/html/dextercapital/vendor/laravel/framework/src/Illuminate/Foundation/Application.php(584): Illuminate\\Foundation\\ProviderRepository->load(Array)
#4 /var/www/html/dextercapital/vendor/laravel/framework/src/Illuminate/Foundation/Bootstrap/RegisterProviders.php(17): Illuminate\\Foundation\\Application->registerConfiguredProviders()
#5 /var/www/html/dextercapital/vendor/laravel/framework/src/Illuminate/Foundation/Application.php(210): Illuminate\\Foundation\\Bootstrap\\RegisterProviders->bootstrap(Object(Illuminate\\Foundation\\Application))
#6 /var/www/html/dextercapital/vendor/laravel/framework/src/Illuminate/Foundation/Console/Kernel.php(322): Illuminate\\Foundation\\Application->bootstrapWith(Array)
#7 /var/www/html/dextercapital/vendor/laravel/framework/src/Illuminate/Foundation/Console/Kernel.php(131): Illuminate\\Foundation\\Console\\Kernel->bootstrap()
#8 /var/www/html/dextercapital/artisan(37): Illuminate\\Foundation\\Console\\Kernel->handle(Object(Symfony\\Component\\Console\\Input\\ArgvInput), Object(Symfony\\Component\\Console\\Output\\ConsoleOutput))
#9 {main}
"} 
[2019-09-06 11:00:05] local.ERROR: Target [App\Inv\Repositories\Contracts\ApplicationInterface] is not instantiable while building [App\Console\Commands\PaypalRefund]. {"exception":"[object] (Illuminate\\Contracts\\Container\\BindingResolutionException(code: 0): Target [App\\Inv\\Repositories\\Contracts\\ApplicationInterface] is not instantiable while building [App\\Console\\Commands\\PaypalRefund]. at /var/www/html/dextercapital/vendor/laravel/framework/src/Illuminate/Container/Container.php:960)
[stacktrace]
#0 /var/www/html/dextercapital/vendor/laravel/framework/src/Illuminate/Container/Container.php(794): Illuminate\\Container\\Container->notInstantiable('App\\\\Inv\\\\Reposit...')
#1 /var/www/html/dextercapital/vendor/laravel/framework/src/Illuminate/Container/Container.php(667): Illuminate\\Container\\Container->build('App\\\\Inv\\\\Reposit...')
#2 /var/www/html/dextercapital/vendor/laravel/framework/src/Illuminate/Container/Container.php(615): Illuminate\\Container\\Container->resolve('App\\\\Inv\\\\Reposit...', Array)
#3 /var/www/html/dextercapital/vendor/laravel/framework/src/Illuminate/Foundation/Application.php(767): Illuminate\\Container\\Container->make('App\\\\Inv\\\\Reposit...', Array)
#4 /var/www/html/dextercapital/vendor/laravel/framework/src/Illuminate/Container/Container.php(927): Illuminate\\Foundation\\Application->make('App\\\\Inv\\\\Reposit...')
#5 /var/www/html/dextercapital/vendor/laravel/framework/src/Illuminate/Container/Container.php(855): Illuminate\\Container\\Container->resolveClass(Object(ReflectionParameter))
#6 /var/www/html/dextercapital/vendor/laravel/framework/src/Illuminate/Container/Container.php(816): Illuminate\\Container\\Container->resolveDependencies(Array)
#7 /var/www/html/dextercapital/vendor/laravel/framework/src/Illuminate/Container/Container.php(667): Illuminate\\Container\\Container->build('App\\\\Console\\\\Com...')
#8 /var/www/html/dextercapital/vendor/laravel/framework/src/Illuminate/Container/Container.php(615): Illuminate\\Container\\Container->resolve('App\\\\Console\\\\Com...', Array)
#9 /var/www/html/dextercapital/vendor/laravel/framework/src/Illuminate/Foundation/Application.php(767): Illuminate\\Container\\Container->make('App\\\\Console\\\\Com...', Array)
#10 /var/www/html/dextercapital/vendor/laravel/framework/src/Illuminate/Console/Application.php(258): Illuminate\\Foundation\\Application->make('App\\\\Console\\\\Com...')
#11 /var/www/html/dextercapital/vendor/laravel/framework/src/Illuminate/Foundation/Console/Kernel.php(244): Illuminate\\Console\\Application->resolve('App\\\\Console\\\\Com...')
#12 /var/www/html/dextercapital/vendor/laravel/framework/src/Illuminate/Console/Application.php(149): Illuminate\\Foundation\\Console\\Kernel->Illuminate\\Foundation\\Console\\{closure}(Object(Illuminate\\Console\\Application))
#13 /var/www/html/dextercapital/vendor/laravel/framework/src/Illuminate/Console/Application.php(72): Illuminate\\Console\\Application->bootstrap()
#14 /var/www/html/dextercapital/vendor/laravel/framework/src/Illuminate/Foundation/Console/Kernel.php(342): Illuminate\\Console\\Application->__construct(Object(Illuminate\\Foundation\\Application), Object(Illuminate\\Events\\Dispatcher), '5.8.35')
#15 /var/www/html/dextercapital/vendor/laravel/framework/src/Illuminate/Foundation/Console/Kernel.php(133): Illuminate\\Foundation\\Console\\Kernel->getArtisan()
#16 /var/www/html/dextercapital/artisan(37): Illuminate\\Foundation\\Console\\Kernel->handle(Object(Symfony\\Component\\Console\\Input\\ArgvInput), Object(Symfony\\Component\\Console\\Output\\ConsoleOutput))
#17 {main}
"} 
[2019-09-06 11:01:20] local.ERROR: Target [App\Inv\Repositories\Contracts\ApplicationInterface] is not instantiable while building [App\Console\Commands\PaypalRefund]. {"exception":"[object] (Illuminate\\Contracts\\Container\\BindingResolutionException(code: 0): Target [App\\Inv\\Repositories\\Contracts\\ApplicationInterface] is not instantiable while building [App\\Console\\Commands\\PaypalRefund]. at /var/www/html/dextercapital/vendor/laravel/framework/src/Illuminate/Container/Container.php:960)
[stacktrace]
#0 /var/www/html/dextercapital/vendor/laravel/framework/src/Illuminate/Container/Container.php(794): Illuminate\\Container\\Container->notInstantiable('App\\\\Inv\\\\Reposit...')
#1 /var/www/html/dextercapital/vendor/laravel/framework/src/Illuminate/Container/Container.php(667): Illuminate\\Container\\Container->build('App\\\\Inv\\\\Reposit...')
#2 /var/www/html/dextercapital/vendor/laravel/framework/src/Illuminate/Container/Container.php(615): Illuminate\\Container\\Container->resolve('App\\\\Inv\\\\Reposit...', Array)
#3 /var/www/html/dextercapital/vendor/laravel/framework/src/Illuminate/Foundation/Application.php(767): Illuminate\\Container\\Container->make('App\\\\Inv\\\\Reposit...', Array)
#4 /var/www/html/dextercapital/vendor/laravel/framework/src/Illuminate/Container/Container.php(927): Illuminate\\Foundation\\Application->make('App\\\\Inv\\\\Reposit...')
#5 /var/www/html/dextercapital/vendor/laravel/framework/src/Illuminate/Container/Container.php(855): Illuminate\\Container\\Container->resolveClass(Object(ReflectionParameter))
#6 /var/www/html/dextercapital/vendor/laravel/framework/src/Illuminate/Container/Container.php(816): Illuminate\\Container\\Container->resolveDependencies(Array)
#7 /var/www/html/dextercapital/vendor/laravel/framework/src/Illuminate/Container/Container.php(667): Illuminate\\Container\\Container->build('App\\\\Console\\\\Com...')
#8 /var/www/html/dextercapital/vendor/laravel/framework/src/Illuminate/Container/Container.php(615): Illuminate\\Container\\Container->resolve('App\\\\Console\\\\Com...', Array)
#9 /var/www/html/dextercapital/vendor/laravel/framework/src/Illuminate/Foundation/Application.php(767): Illuminate\\Container\\Container->make('App\\\\Console\\\\Com...', Array)
#10 /var/www/html/dextercapital/vendor/laravel/framework/src/Illuminate/Console/Application.php(258): Illuminate\\Foundation\\Application->make('App\\\\Console\\\\Com...')
#11 /var/www/html/dextercapital/vendor/laravel/framework/src/Illuminate/Foundation/Console/Kernel.php(244): Illuminate\\Console\\Application->resolve('App\\\\Console\\\\Com...')
#12 /var/www/html/dextercapital/vendor/laravel/framework/src/Illuminate/Console/Application.php(149): Illuminate\\Foundation\\Console\\Kernel->Illuminate\\Foundation\\Console\\{closure}(Object(Illuminate\\Console\\Application))
#13 /var/www/html/dextercapital/vendor/laravel/framework/src/Illuminate/Console/Application.php(72): Illuminate\\Console\\Application->bootstrap()
#14 /var/www/html/dextercapital/vendor/laravel/framework/src/Illuminate/Foundation/Console/Kernel.php(342): Illuminate\\Console\\Application->__construct(Object(Illuminate\\Foundation\\Application), Object(Illuminate\\Events\\Dispatcher), '5.8.35')
#15 /var/www/html/dextercapital/vendor/laravel/framework/src/Illuminate/Foundation/Console/Kernel.php(133): Illuminate\\Foundation\\Console\\Kernel->getArtisan()
#16 /var/www/html/dextercapital/artisan(37): Illuminate\\Foundation\\Console\\Kernel->handle(Object(Symfony\\Component\\Console\\Input\\ArgvInput), Object(Symfony\\Component\\Console\\Output\\ConsoleOutput))
#17 {main}
"} 
[2019-09-06 11:02:57] local.ERROR: Target [App\Inv\Repositories\Contracts\ApplicationInterface] is not instantiable while building [App\Console\Commands\PaypalRefund]. {"exception":"[object] (Illuminate\\Contracts\\Container\\BindingResolutionException(code: 0): Target [App\\Inv\\Repositories\\Contracts\\ApplicationInterface] is not instantiable while building [App\\Console\\Commands\\PaypalRefund]. at /var/www/html/dextercapital/vendor/laravel/framework/src/Illuminate/Container/Container.php:960)
[stacktrace]
#0 /var/www/html/dextercapital/vendor/laravel/framework/src/Illuminate/Container/Container.php(794): Illuminate\\Container\\Container->notInstantiable('App\\\\Inv\\\\Reposit...')
#1 /var/www/html/dextercapital/vendor/laravel/framework/src/Illuminate/Container/Container.php(667): Illuminate\\Container\\Container->build('App\\\\Inv\\\\Reposit...')
#2 /var/www/html/dextercapital/vendor/laravel/framework/src/Illuminate/Container/Container.php(615): Illuminate\\Container\\Container->resolve('App\\\\Inv\\\\Reposit...', Array)
#3 /var/www/html/dextercapital/vendor/laravel/framework/src/Illuminate/Foundation/Application.php(767): Illuminate\\Container\\Container->make('App\\\\Inv\\\\Reposit...', Array)
#4 /var/www/html/dextercapital/vendor/laravel/framework/src/Illuminate/Container/Container.php(927): Illuminate\\Foundation\\Application->make('App\\\\Inv\\\\Reposit...')
#5 /var/www/html/dextercapital/vendor/laravel/framework/src/Illuminate/Container/Container.php(855): Illuminate\\Container\\Container->resolveClass(Object(ReflectionParameter))
#6 /var/www/html/dextercapital/vendor/laravel/framework/src/Illuminate/Container/Container.php(816): Illuminate\\Container\\Container->resolveDependencies(Array)
#7 /var/www/html/dextercapital/vendor/laravel/framework/src/Illuminate/Container/Container.php(667): Illuminate\\Container\\Container->build('App\\\\Console\\\\Com...')
#8 /var/www/html/dextercapital/vendor/laravel/framework/src/Illuminate/Container/Container.php(615): Illuminate\\Container\\Container->resolve('App\\\\Console\\\\Com...', Array)
#9 /var/www/html/dextercapital/vendor/laravel/framework/src/Illuminate/Foundation/Application.php(767): Illuminate\\Container\\Container->make('App\\\\Console\\\\Com...', Array)
#10 /var/www/html/dextercapital/vendor/laravel/framework/src/Illuminate/Console/Application.php(258): Illuminate\\Foundation\\Application->make('App\\\\Console\\\\Com...')
#11 /var/www/html/dextercapital/vendor/laravel/framework/src/Illuminate/Foundation/Console/Kernel.php(244): Illuminate\\Console\\Application->resolve('App\\\\Console\\\\Com...')
#12 /var/www/html/dextercapital/vendor/laravel/framework/src/Illuminate/Console/Application.php(149): Illuminate\\Foundation\\Console\\Kernel->Illuminate\\Foundation\\Console\\{closure}(Object(Illuminate\\Console\\Application))
#13 /var/www/html/dextercapital/vendor/laravel/framework/src/Illuminate/Console/Application.php(72): Illuminate\\Console\\Application->bootstrap()
#14 /var/www/html/dextercapital/vendor/laravel/framework/src/Illuminate/Foundation/Console/Kernel.php(342): Illuminate\\Console\\Application->__construct(Object(Illuminate\\Foundation\\Application), Object(Illuminate\\Events\\Dispatcher), '5.8.35')
#15 /var/www/html/dextercapital/vendor/laravel/framework/src/Illuminate/Foundation/Console/Kernel.php(133): Illuminate\\Foundation\\Console\\Kernel->getArtisan()
#16 /var/www/html/dextercapital/artisan(37): Illuminate\\Foundation\\Console\\Kernel->handle(Object(Symfony\\Component\\Console\\Input\\ArgvInput), Object(Symfony\\Component\\Console\\Output\\ConsoleOutput))
#17 {main}
"} 
[2019-09-06 11:04:46] local.ERROR: include(/var/www/html/dextercapital/vendor/composer/../../app/Console/Commands/PaypalRefund.php): failed to open stream: No such file or directory {"exception":"[object] (ErrorException(code: 0): include(/var/www/html/dextercapital/vendor/composer/../../app/Console/Commands/PaypalRefund.php): failed to open stream: No such file or directory at /var/www/html/dextercapital/vendor/composer/ClassLoader.php:444)
[stacktrace]
#0 /var/www/html/dextercapital/vendor/composer/ClassLoader.php(444): Illuminate\\Foundation\\Bootstrap\\HandleExceptions->handleError(2, 'include(/var/ww...', '/var/www/html/d...', 444, Array)
#1 /var/www/html/dextercapital/vendor/composer/ClassLoader.php(444): include()
#2 /var/www/html/dextercapital/vendor/composer/ClassLoader.php(322): Composer\\Autoload\\includeFile('/var/www/html/d...')
#3 [internal function]: Composer\\Autoload\\ClassLoader->loadClass('App\\\\Console\\\\Com...')
#4 [internal function]: spl_autoload_call('App\\\\Console\\\\Com...')
#5 /var/www/html/dextercapital/vendor/laravel/framework/src/Illuminate/Container/Container.php(788): ReflectionClass->__construct('App\\\\Console\\\\Com...')
#6 /var/www/html/dextercapital/vendor/laravel/framework/src/Illuminate/Container/Container.php(667): Illuminate\\Container\\Container->build('App\\\\Console\\\\Com...')
#7 /var/www/html/dextercapital/vendor/laravel/framework/src/Illuminate/Container/Container.php(615): Illuminate\\Container\\Container->resolve('App\\\\Console\\\\Com...', Array)
#8 /var/www/html/dextercapital/vendor/laravel/framework/src/Illuminate/Foundation/Application.php(767): Illuminate\\Container\\Container->make('App\\\\Console\\\\Com...', Array)
#9 /var/www/html/dextercapital/vendor/laravel/framework/src/Illuminate/Console/Application.php(258): Illuminate\\Foundation\\Application->make('App\\\\Console\\\\Com...')
#10 /var/www/html/dextercapital/vendor/laravel/framework/src/Illuminate/Console/Application.php(272): Illuminate\\Console\\Application->resolve('App\\\\Console\\\\Com...')
#11 /var/www/html/dextercapital/vendor/laravel/framework/src/Illuminate/Foundation/Console/Kernel.php(343): Illuminate\\Console\\Application->resolveCommands(Array)
#12 /var/www/html/dextercapital/vendor/laravel/framework/src/Illuminate/Foundation/Console/Kernel.php(133): Illuminate\\Foundation\\Console\\Kernel->getArtisan()
#13 /var/www/html/dextercapital/artisan(37): Illuminate\\Foundation\\Console\\Kernel->handle(Object(Symfony\\Component\\Console\\Input\\ArgvInput), Object(Symfony\\Component\\Console\\Output\\ConsoleOutput))
#14 {main}
"} 
[2019-09-06 11:08:04] local.ERROR: include(/var/www/html/dextercapital/vendor/composer/../../app/Console/Commands/PaypalRefund.php): failed to open stream: No such file or directory {"exception":"[object] (ErrorException(code: 0): include(/var/www/html/dextercapital/vendor/composer/../../app/Console/Commands/PaypalRefund.php): failed to open stream: No such file or directory at /var/www/html/dextercapital/vendor/composer/ClassLoader.php:444)
[stacktrace]
#0 /var/www/html/dextercapital/vendor/composer/ClassLoader.php(444): Illuminate\\Foundation\\Bootstrap\\HandleExceptions->handleError(2, 'include(/var/ww...', '/var/www/html/d...', 444, Array)
#1 /var/www/html/dextercapital/vendor/composer/ClassLoader.php(444): include()
#2 /var/www/html/dextercapital/vendor/composer/ClassLoader.php(322): Composer\\Autoload\\includeFile('/var/www/html/d...')
#3 [internal function]: Composer\\Autoload\\ClassLoader->loadClass('App\\\\Console\\\\Com...')
#4 [internal function]: spl_autoload_call('App\\\\Console\\\\Com...')
#5 /var/www/html/dextercapital/vendor/laravel/framework/src/Illuminate/Container/Container.php(788): ReflectionClass->__construct('App\\\\Console\\\\Com...')
#6 /var/www/html/dextercapital/vendor/laravel/framework/src/Illuminate/Container/Container.php(667): Illuminate\\Container\\Container->build('App\\\\Console\\\\Com...')
#7 /var/www/html/dextercapital/vendor/laravel/framework/src/Illuminate/Container/Container.php(615): Illuminate\\Container\\Container->resolve('App\\\\Console\\\\Com...', Array)
#8 /var/www/html/dextercapital/vendor/laravel/framework/src/Illuminate/Foundation/Application.php(767): Illuminate\\Container\\Container->make('App\\\\Console\\\\Com...', Array)
#9 /var/www/html/dextercapital/vendor/laravel/framework/src/Illuminate/Console/Application.php(258): Illuminate\\Foundation\\Application->make('App\\\\Console\\\\Com...')
#10 /var/www/html/dextercapital/vendor/laravel/framework/src/Illuminate/Console/Application.php(272): Illuminate\\Console\\Application->resolve('App\\\\Console\\\\Com...')
#11 /var/www/html/dextercapital/vendor/laravel/framework/src/Illuminate/Foundation/Console/Kernel.php(343): Illuminate\\Console\\Application->resolveCommands(Array)
#12 /var/www/html/dextercapital/vendor/laravel/framework/src/Illuminate/Foundation/Console/Kernel.php(133): Illuminate\\Foundation\\Console\\Kernel->getArtisan()
#13 /var/www/html/dextercapital/artisan(37): Illuminate\\Foundation\\Console\\Kernel->handle(Object(Symfony\\Component\\Console\\Input\\ArgvInput), Object(Symfony\\Component\\Console\\Output\\ConsoleOutput))
#14 {main}
"} 
